{"E:\\workspace\\test\\ip-address\\index.js":{"path":"E:\\workspace\\test\\ip-address\\index.js","s":{"1":1,"2":1,"3":1,"4":1,"5":1,"6":1,"7":0,"8":1,"9":1,"10":1,"11":1,"12":0,"13":1,"14":0,"15":1,"16":1},"b":{"1":[0,1],"2":[1,1,0,0],"3":[0,1],"4":[1,0],"5":[1,0]},"f":{"1":1},"fnMap":{"1":{"name":"(anonymous_1)","line":8,"loc":{"start":{"line":8,"column":17},"end":{"line":8,"column":43}}}},"statementMap":{"1":{"start":{"line":7,"column":0},"end":{"line":7,"column":25}},"2":{"start":{"line":8,"column":0},"end":{"line":37,"column":1}},"3":{"start":{"line":9,"column":4},"end":{"line":12,"column":5}},"4":{"start":{"line":13,"column":4},"end":{"line":34,"column":5}},"5":{"start":{"line":14,"column":6},"end":{"line":14,"column":21}},"6":{"start":{"line":15,"column":6},"end":{"line":18,"column":7}},"7":{"start":{"line":17,"column":8},"end":{"line":17,"column":23}},"8":{"start":{"line":20,"column":6},"end":{"line":23,"column":45}},"9":{"start":{"line":25,"column":6},"end":{"line":25,"column":50}},"10":{"start":{"line":26,"column":6},"end":{"line":26,"column":57}},"11":{"start":{"line":27,"column":6},"end":{"line":31,"column":7}},"12":{"start":{"line":28,"column":8},"end":{"line":28,"column":35}},"13":{"start":{"line":30,"column":8},"end":{"line":30,"column":30}},"14":{"start":{"line":33,"column":6},"end":{"line":33,"column":28}},"15":{"start":{"line":35,"column":4},"end":{"line":35,"column":65}},"16":{"start":{"line":36,"column":4},"end":{"line":36,"column":18}}},"branchMap":{"1":{"line":15,"type":"if","locations":[{"start":{"line":15,"column":6},"end":{"line":15,"column":6}},{"start":{"line":15,"column":6},"end":{"line":15,"column":6}}]},"2":{"line":20,"type":"binary-expr","locations":[{"start":{"line":20,"column":22},"end":{"line":20,"column":53}},{"start":{"line":21,"column":8},"end":{"line":21,"column":37}},{"start":{"line":22,"column":8},"end":{"line":22,"column":33}},{"start":{"line":23,"column":8},"end":{"line":23,"column":44}}]},"3":{"line":27,"type":"if","locations":[{"start":{"line":27,"column":6},"end":{"line":27,"column":6}},{"start":{"line":27,"column":6},"end":{"line":27,"column":6}}]},"4":{"line":35,"type":"binary-expr","locations":[{"start":{"line":35,"column":4},"end":{"line":35,"column":24}},{"start":{"line":35,"column":28},"end":{"line":35,"column":65}}]},"5":{"line":36,"type":"binary-expr","locations":[{"start":{"line":36,"column":4},"end":{"line":36,"column":8}},{"start":{"line":36,"column":12},"end":{"line":36,"column":18}}]}}}}